C:\USERS\SR-MIKE\DOCUMENTS\VISUAL STUDIO 2010\PROJECTS\FINALTHESISSOFTWARE\DEBUG\FINALTHESISSOFTWARE.EXE
C:\USERS\SR-MIKE\DOCUMENTS\VISUAL STUDIO 2010\PROJECTS\FINALTHESISSOFTWARE\DEBUG\FINALTHESISSOFTWARE.PDB
C:\Users\SR-MiKE\Documents\Visual Studio 2010\Projects\FinalThesisSoftware\FinalThesisSoftware\Debug\cl.command.1.tlog
C:\Users\SR-MiKE\Documents\Visual Studio 2010\Projects\FinalThesisSoftware\FinalThesisSoftware\Debug\CL.read.1.tlog
C:\Users\SR-MiKE\Documents\Visual Studio 2010\Projects\FinalThesisSoftware\FinalThesisSoftware\Debug\CL.write.1.tlog
C:\USERS\SR-MIKE\DOCUMENTS\VISUAL STUDIO 2010\PROJECTS\FINALTHESISSOFTWARE\FINALTHESISSOFTWARE\DEBUG\DIALOG.OBJ
C:\USERS\SR-MIKE\DOCUMENTS\VISUAL STUDIO 2010\PROJECTS\FINALTHESISSOFTWARE\FINALTHESISSOFTWARE\DEBUG\FINALTHESISSOFTWARE.EXE.INTERMEDIATE.MANIFEST
C:\USERS\SR-MIKE\DOCUMENTS\VISUAL STUDIO 2010\PROJECTS\FINALTHESISSOFTWARE\FINALTHESISSOFTWARE\DEBUG\INTERFACE1.RES
C:\Users\SR-MiKE\Documents\Visual Studio 2010\Projects\FinalThesisSoftware\FinalThesisSoftware\Debug\link.command.1.tlog
C:\Users\SR-MiKE\Documents\Visual Studio 2010\Projects\FinalThesisSoftware\FinalThesisSoftware\Debug\link.read.1.tlog
C:\Users\SR-MiKE\Documents\Visual Studio 2010\Projects\FinalThesisSoftware\FinalThesisSoftware\Debug\link.write.1.tlog
C:\Users\SR-MiKE\Documents\Visual Studio 2010\Projects\FinalThesisSoftware\FinalThesisSoftware\Debug\link-cvtres.read.1.tlog
C:\Users\SR-MiKE\Documents\Visual Studio 2010\Projects\FinalThesisSoftware\FinalThesisSoftware\Debug\link-cvtres.write.1.tlog
C:\Users\SR-MiKE\Documents\Visual Studio 2010\Projects\FinalThesisSoftware\FinalThesisSoftware\Debug\mt.command.1.tlog
C:\Users\SR-MiKE\Documents\Visual Studio 2010\Projects\FinalThesisSoftware\FinalThesisSoftware\Debug\mt.read.1.tlog
C:\Users\SR-MiKE\Documents\Visual Studio 2010\Projects\FinalThesisSoftware\FinalThesisSoftware\Debug\mt.write.1.tlog
C:\USERS\SR-MIKE\DOCUMENTS\VISUAL STUDIO 2010\PROJECTS\FINALTHESISSOFTWARE\FINALTHESISSOFTWARE\DEBUG\MYSERIALPORT.OBJ
C:\USERS\SR-MIKE\DOCUMENTS\VISUAL STUDIO 2010\PROJECTS\FINALTHESISSOFTWARE\FINALTHESISSOFTWARE\DEBUG\OPENGLCONTROL.OBJ
C:\USERS\SR-MIKE\DOCUMENTS\VISUAL STUDIO 2010\PROJECTS\FINALTHESISSOFTWARE\FINALTHESISSOFTWARE\DEBUG\OPENGLDEVICE.OBJ
C:\Users\SR-MiKE\Documents\Visual Studio 2010\Projects\FinalThesisSoftware\FinalThesisSoftware\Debug\rc.command.1.tlog
C:\Users\SR-MiKE\Documents\Visual Studio 2010\Projects\FinalThesisSoftware\FinalThesisSoftware\Debug\rc.read.1.tlog
C:\Users\SR-MiKE\Documents\Visual Studio 2010\Projects\FinalThesisSoftware\FinalThesisSoftware\Debug\rc.write.1.tlog
C:\USERS\SR-MIKE\DOCUMENTS\VISUAL STUDIO 2010\PROJECTS\FINALTHESISSOFTWARE\FINALTHESISSOFTWARE\DEBUG\STEREOIMAGE.OBJ
C:\Users\SR-MiKE\Documents\Visual Studio 2010\Projects\FinalThesisSoftware\FinalThesisSoftware\Debug\vc100.idb
C:\USERS\SR-MIKE\DOCUMENTS\VISUAL STUDIO 2010\PROJECTS\FINALTHESISSOFTWARE\FINALTHESISSOFTWARE\DEBUG\VC100.PDB
